<?xml version="1.0" encoding="UTF-8" ?>
<testsuite errors="0" failures="1" hostname="kevin-VirtualBox" name="RennenTest" skipped="0" tests="6" time="0.069" timestamp="2016-07-25T06:38:44">
  <properties>
    <property name="java.vendor" value="Oracle Corporation" />
    <property name="env.IM_CONFIG_PHASE" value="1" />
    <property name="sun.java.launcher" value="SUN_STANDARD" />
    <property name="eclipse.pdebuild.templates" value="/usr/lib/eclipse/dropins/sdk/plugins/org.eclipse.pde.build_3.8.1.dist/templates//" />
    <property name="env.QT_IM_MODULE" value="ibus" />
    <property name="sun.management.compiler" value="HotSpot 64-Bit Tiered Compilers" />
    <property name="env.GTK2_MODULES" value="overlay-scrollbar" />
    <property name="os.name" value="Linux" />
    <property name="env.UPSTART_SESSION" value="unix:abstract=/com/ubuntu/upstart-session/1000/1265" />
    <property name="sun.boot.class.path" value="/usr/lib/jvm/java-8-oracle/jre/lib/resources.jar:/usr/lib/jvm/java-8-oracle/jre/lib/rt.jar:/usr/lib/jvm/java-8-oracle/jre/lib/sunrsasign.jar:/usr/lib/jvm/java-8-oracle/jre/lib/jsse.jar:/usr/lib/jvm/java-8-oracle/jre/lib/jce.jar:/usr/lib/jvm/java-8-oracle/jre/lib/charsets.jar:/usr/lib/jvm/java-8-oracle/jre/lib/jfr.jar:/usr/lib/jvm/java-8-oracle/jre/classes" />
    <property name="env.PWD" value="/home/kevin" />
    <property name="sun.desktop" value="gnome" />
    <property name="env.LANG" value="de_DE.UTF-8" />
    <property name="java.vm.specification.vendor" value="Oracle Corporation" />
    <property name="ant.home" value="/usr/lib/eclipse/plugins/org.apache.ant_1.8.3.v20120321-1730" />
    <property name="java.runtime.version" value="1.8.0_91-b14" />
    <property name="ant.file.Rennschnecke_Example" value="/home/kevin/workspace/Rennschnecke_Example/build.xml" />
    <property name="env.GTK_IM_MODULE" value="ibus" />
    <property name="env.QT_LINUX_ACCESSIBILITY_ALWAYS_ON" value="1" />
    <property name="env.DEFAULTS_PATH" value="/usr/share/gconf/ubuntu.default.path" />
    <property name="env.UPSTART_EVENTS" value="xsession started" />
    <property name="env.XDG_VTNR" value="7" />
    <property name="env.DISPLAY" value=":0" />
    <property name="user.name" value="kevin" />
    <property name="env.QT4_IM_MODULE" value="xim" />
    <property name="env.USER" value="kevin" />
    <property name="env.SHELL" value="/bin/bash" />
    <property name="env.DESKTOP_SESSION" value="ubuntu" />
    <property name="env.XDG_DATA_DIRS" value="/usr/share/ubuntu:/usr/share/gnome:/usr/local/share/:/usr/share/:/var/lib/snapd/desktop" />
    <property name="env.NLSPATH" value="/usr/dt/lib/nls/msg/%L/%N.cat" />
    <property name="env.PATH" value="/usr/local/sbin:/usr/local/bin:/usr/sbin:/usr/bin:/sbin:/bin:/usr/games:/usr/local/games:/snap/bin:/usr/lib/jvm/java-8-oracle/bin:/usr/lib/jvm/java-8-oracle/db/bin:/usr/lib/jvm/java-8-oracle/jre/bin" />
    <property name="env.XDG_CURRENT_DESKTOP" value="Unity" />
    <property name="user.language" value="de" />
    <property name="env.XDG_SESSION_DESKTOP" value="ubuntu" />
    <property name="sun.boot.library.path" value="/usr/lib/jvm/java-8-oracle/jre/lib/amd64" />
    <property name="env.UPSTART_JOB" value="unity7" />
    <property name="ant.project.default-target" value="compile" />
    <property name="ant.project.name" value="Rennschnecke_Example" />
    <property name="java.version" value="1.8.0_91" />
    <property name="user.timezone" value="" />
    <property name="env.DBUS_SESSION_BUS_ADDRESS" value="unix:abstract=/tmp/dbus-oblZ7WsSSa" />
    <property name="sun.arch.data.model" value="64" />
    <property name="env.COMPIZ_CONFIG_PROFILE" value="ubuntu" />
    <property name="java.endorsed.dirs" value="/usr/lib/jvm/java-8-oracle/jre/lib/endorsed" />
    <property name="env.DERBY_HOME" value="/usr/lib/jvm/java-8-oracle/db" />
    <property name="sun.cpu.isalist" value="" />
    <property name="sun.jnu.encoding" value="UTF-8" />
    <property name="file.encoding.pkg" value="sun.io" />
    <property name="env.SHLVL" value="0" />
    <property name="file.separator" value="/" />
    <property name="java.specification.name" value="Java Platform API Specification" />
    <property name="env.GNOME_DESKTOP_SESSION_ID" value="this-is-deprecated" />
    <property name="java.class.version" value="52.0" />
    <property name="env.GDMSESSION" value="ubuntu" />
    <property name="user.country" value="DE" />
    <property name="env.GNOME_KEYRING_PID" value="" />
    <property name="java.home" value="/usr/lib/jvm/java-8-oracle/jre" />
    <property name="ant.file.type.Rennschnecke_Example" value="file" />
    <property name="java.vm.info" value="mixed mode" />
    <property name="env.LOGNAME" value="kevin" />
    <property name="ant.file" value="/home/kevin/workspace/Rennschnecke_Example/build.xml" />
    <property name="os.version" value="4.4.0-31-generic" />
    <property name="env.J2REDIR" value="/usr/lib/jvm/java-8-oracle/jre" />
    <property name="path.separator" value=":" />
    <property name="java.vm.version" value="25.91-b14" />
    <property name="env.UPSTART_INSTANCE" value="" />
    <property name="env.LANGUAGE" value="de_DE" />
    <property name="ant.library.dir" value="/usr/lib/eclipse/plugins/org.apache.ant_1.8.3.v20120321-1730/lib" />
    <property name="env.XDG_SESSION_PATH" value="/org/freedesktop/DisplayManager/Session0" />
    <property name="junit.output.dir" value="junit" />
    <property name="env.QT_QPA_PLATFORMTHEME" value="appmenu-qt5" />
    <property name="env.JAVA_HOME" value="/usr/lib/jvm/java-8-oracle" />
    <property name="env.XDG_SESSION_TYPE" value="x11" />
    <property name="env.SESSIONTYPE" value="gnome-session" />
    <property name="java.awt.printerjob" value="sun.print.PSPrinterJob" />
    <property name="sun.io.unicode.encoding" value="UnicodeLittle" />
    <property name="awt.toolkit" value="sun.awt.X11.XToolkit" />
    <property name="env.XMODIFIERS" value="@im=ibus" />
    <property name="eclipse.pdebuild.scripts" value="/usr/lib/eclipse/dropins/sdk/plugins/org.eclipse.pde.build_3.8.1.dist/scripts//" />
    <property name="env.GDM_LANG" value="de_DE" />
    <property name="target" value="1.5" />
    <property name="user.home" value="/home/kevin" />
    <property name="env.JOB" value="unity-settings-daemon" />
    <property name="java.specification.vendor" value="Oracle Corporation" />
    <property name="java.library.path" value="/usr/java/packages/lib/amd64:/usr/lib64:/lib64:/lib:/usr/lib" />
    <property name="java.vendor.url" value="http://java.oracle.com/" />
    <property name="env.GIO_LAUNCHED_DESKTOP_FILE" value="/usr/share/applications/eclipse.desktop" />
    <property name="java.vm.vendor" value="Oracle Corporation" />
    <property name="env.XDG_SEAT" value="seat0" />
    <property name="java.runtime.name" value="Java(TM) SE Runtime Environment" />
    <property name="java.class.path" value="/home/kevin/workspace/Rennschnecke_Example/bin:/usr/share/eclipse/dropins/jdt/plugins/org.junit_3.8.2.dist/junit.jar:/usr/share/java/ant-launcher-1.9.6.jar:/usr/share/java/ant-1.9.6.jar:/usr/share/java/ant-junit-1.9.6.jar" />
    <property name="ant.version" value="Apache Ant(TM) version 1.9.6 compiled on July 8 2015" />
    <property name="sun.java.command" value="org.apache.tools.ant.taskdefs.optional.junit.JUnitTestRunner RennenTest skipNonTests=false filtertrace=true haltOnError=false haltOnFailure=false formatter=org.apache.tools.ant.taskdefs.optional.junit.OutErrSummaryJUnitResultFormatter showoutput=false outputtoformatters=true logfailedtests=true threadid=0 logtestlistenerevents=false formatter=org.apache.tools.ant.taskdefs.optional.junit.XMLJUnitResultFormatter,/home/kevin/workspace/Rennschnecke_Example/junit/TEST-RennenTest.xml crashfile=/home/kevin/workspace/Rennschnecke_Example/junitvmwatcher4022491501487622997.properties propsfile=/home/kevin/workspace/Rennschnecke_Example/junit2237632647301935089.properties" />
    <property name="env.XDG_SESSION_ID" value="c3" />
    <property name="env.XFILESEARCHPATH" value="/usr/dt/app-defaults/%L/Dt" />
    <property name="env.QT_ACCESSIBILITY" value="1" />
    <property name="java.vm.specification.name" value="Java Virtual Machine Specification" />
    <property name="java.vm.specification.version" value="1.8" />
    <property name="sun.os.patch.level" value="unknown" />
    <property name="sun.cpu.endian" value="little" />
    <property name="debuglevel" value="source,lines,vars" />
    <property name="env.HOME" value="/home/kevin" />
    <property name="env.ANT_HOME" value="/usr/lib/eclipse/plugins/org.apache.ant_1.8.3.v20120321-1730" />
    <property name="env.XDG_SEAT_PATH" value="/org/freedesktop/DisplayManager/Seat0" />
    <property name="eclipse.pdebuild.home" value="/usr/lib/eclipse/dropins/sdk/plugins/org.eclipse.pde.build_3.8.1.dist/.//" />
    <property name="java.io.tmpdir" value="/tmp" />
    <property name="java.vendor.url.bug" value="http://bugreport.sun.com/bugreport/" />
    <property name="env.SSH_AUTH_SOCK" value="/run/user/1000/keyring/ssh" />
    <property name="env.CLUTTER_IM_MODULE" value="xim" />
    <property name="java.awt.graphicsenv" value="sun.awt.X11GraphicsEnvironment" />
    <property name="os.arch" value="amd64" />
    <property name="env.INSTANCE" value="" />
    <property name="env.XDG_RUNTIME_DIR" value="/run/user/1000" />
    <property name="java.ext.dirs" value="/usr/lib/jvm/java-8-oracle/jre/lib/ext:/usr/java/packages/lib/ext" />
    <property name="user.dir" value="/home/kevin/workspace/Rennschnecke_Example" />
    <property name="env.XAUTHORITY" value="/home/kevin/.Xauthority" />
    <property name="env.SESSION" value="ubuntu" />
    <property name="env.MANDATORY_PATH" value="/usr/share/gconf/ubuntu.mandatory.path" />
    <property name="env.GTK_MODULES" value="gail:atk-bridge:unity-gtk-module" />
    <property name="env.J2SDKDIR" value="/usr/lib/jvm/java-8-oracle" />
    <property name="line.separator" value="&#xa;" />
    <property name="java.vm.name" value="Java HotSpot(TM) 64-Bit Server VM" />
    <property name="env.XDG_GREETER_DATA_DIR" value="/var/lib/lightdm-data/kevin" />
    <property name="basedir" value="/home/kevin/workspace/Rennschnecke_Example" />
    <property name="ant.java.version" value="1.8" />
    <property name="ant.core.lib" value="/usr/share/java/ant-1.9.6.jar" />
    <property name="source" value="1.5" />
    <property name="file.encoding" value="UTF-8" />
    <property name="env.COMPIZ_BIN_PATH" value="/usr/bin/" />
    <property name="env.GPG_AGENT_INFO" value="/home/kevin/.gnupg/S.gpg-agent:0:1" />
    <property name="env.GIO_LAUNCHED_DESKTOP_FILE_PID" value="2566" />
    <property name="java.specification.version" value="1.8" />
    <property name="env.GNOME_KEYRING_CONTROL" value="" />
    <property name="env.XDG_CONFIG_DIRS" value="/etc/xdg/xdg-ubuntu:/usr/share/upstart/xdg:/etc/xdg" />
    <property name="ant.project.invoked-targets" value="RennenTest.testErmittleGewinner" />
  </properties>
  <testcase classname="RennenTest" name="testErmittleGewinner" time="0.003" />
  <testcase classname="RennenTest" name="testToString" time="0.002" />
  <testcase classname="RennenTest" name="testLasseSchneckenKriechen" time="0.0" />
  <testcase classname="RennenTest" name="testKonstruktor" time="0.0" />
  <testcase classname="RennenTest" name="testRemoveRennschnecke" time="0.0" />
  <testcase classname="RennenTest" name="testDurchführen" time="0.005">
    <failure type="junit.framework.AssertionFailedError">junit.framework.AssertionFailedError
	at RennenTest.testDurchführen(RennenTest.java:44)
</failure>
  </testcase>
  <system-out><![CDATA[Gewinner ist	Name:	Test
Rasse:	Test
Höchstgeschwindigkeit:	1000
Strecke:	10288
]]></system-out>
  <system-err><![CDATA[]]></system-err>
</testsuite>
